Started GET "/" for 127.0.0.1 at 2017-04-11 15:37:15 -0500
  [1m[36mActiveRecord::SchemaMigration Load (0.5ms)[0m  [1m[34mSELECT "schema_migrations".* FROM "schema_migrations"[0m
Processing by StaticPagesController#Home as HTML
  Rendering static_pages/Home.html.erb within layouts/application
  Rendered snippets/_problems.html.erb (0.3ms)
  Rendered snippets/_tournaments.html.erb (0.4ms)
  Rendered snippets/_top_users.html.erb (0.2ms)
  Rendered snippets/_meta.html.erb (0.2ms)
  Rendered static_pages/Home.html.erb within layouts/application (19.2ms)
Started GET "/" for 127.0.0.1 at 2017-04-11 15:37:21 -0500
Processing by StaticPagesController#Home as HTML
  Rendering static_pages/Home.html.erb within layouts/application
  Rendered snippets/_problems.html.erb (0.2ms)
  Rendered snippets/_tournaments.html.erb (2.8ms)
  Rendered snippets/_top_users.html.erb (0.3ms)
  Rendered snippets/_meta.html.erb (0.3ms)
  Rendered static_pages/Home.html.erb within layouts/application (34.9ms)
Started GET "/static_pages/User_Signin" for 127.0.0.1 at 2017-04-11 15:37:26 -0500
  
ActionController::RoutingError (No route matches [GET] "/static_pages/User_Signin"):
  
actionpack (5.0.2) lib/action_dispatch/middleware/debug_exceptions.rb:53:in `call'
web-console (3.4.0) lib/web_console/middleware.rb:135:in `call_app'
web-console (3.4.0) lib/web_console/middleware.rb:28:in `block in call'
web-console (3.4.0) lib/web_console/middleware.rb:18:in `catch'
web-console (3.4.0) lib/web_console/middleware.rb:18:in `call'
actionpack (5.0.2) lib/action_dispatch/middleware/show_exceptions.rb:31:in `call'
railties (5.0.2) lib/rails/rack/logger.rb:36:in `call_app'
railties (5.0.2) lib/rails/rack/logger.rb:24:in `block in call'
activesupport (5.0.2) lib/active_support/tagged_logging.rb:69:in `block in tagged'
activesupport (5.0.2) lib/active_support/tagged_logging.rb:26:in `tagged'
activesupport (5.0.2) lib/active_support/tagged_logging.rb:69:in `tagged'
railties (5.0.2) lib/rails/rack/logger.rb:24:in `call'
sprockets-rails (3.2.0) lib/sprockets/rails/quiet_assets.rb:13:in `call'
actionpack (5.0.2) lib/action_dispatch/middleware/request_id.rb:24:in `call'
rack (2.0.1) lib/rack/method_override.rb:22:in `call'
rack (2.0.1) lib/rack/runtime.rb:22:in `call'
activesupport (5.0.2) lib/active_support/cache/strategy/local_cache_middleware.rb:28:in `call'
actionpack (5.0.2) lib/action_dispatch/middleware/executor.rb:12:in `call'
actionpack (5.0.2) lib/action_dispatch/middleware/static.rb:136:in `call'
rack (2.0.1) lib/rack/sendfile.rb:111:in `call'
railties (5.0.2) lib/rails/engine.rb:522:in `call'
puma (3.7.1) lib/puma/configuration.rb:232:in `call'
puma (3.7.1) lib/puma/server.rb:578:in `handle_request'
puma (3.7.1) lib/puma/server.rb:415:in `process_client'
puma (3.7.1) lib/puma/server.rb:275:in `block in run'
puma (3.7.1) lib/puma/thread_pool.rb:120:in `block in spawn_thread'
  Rendering /home/shwam/.rvm/gems/ruby-2.3.3/gems/actionpack-5.0.2/lib/action_dispatch/middleware/templates/rescues/routing_error.html.erb within rescues/layout
  Rendering /home/shwam/.rvm/gems/ruby-2.3.3/gems/actionpack-5.0.2/lib/action_dispatch/middleware/templates/rescues/_trace.html.erb
  Rendered /home/shwam/.rvm/gems/ruby-2.3.3/gems/actionpack-5.0.2/lib/action_dispatch/middleware/templates/rescues/_trace.html.erb (3.5ms)
  Rendered collection of /home/shwam/.rvm/gems/ruby-2.3.3/gems/actionpack-5.0.2/lib/action_dispatch/middleware/templates/routes/_route.html.erb [114 times] (99.5ms)
  Rendered /home/shwam/.rvm/gems/ruby-2.3.3/gems/actionpack-5.0.2/lib/action_dispatch/middleware/templates/routes/_table.html.erb (95.0ms)
  Rendering /home/shwam/.rvm/gems/ruby-2.3.3/gems/actionpack-5.0.2/lib/action_dispatch/middleware/templates/rescues/_request_and_response.html.erb
  Rendered /home/shwam/.rvm/gems/ruby-2.3.3/gems/actionpack-5.0.2/lib/action_dispatch/middleware/templates/rescues/_request_and_response.html.erb (13.1ms)
  Rendered /home/shwam/.rvm/gems/ruby-2.3.3/gems/actionpack-5.0.2/lib/action_dispatch/middleware/templates/rescues/routing_error.html.erb within rescues/layout (438.5ms)
  Rendered shared/_page_header.html.erb (0.4ms)
Completed 200 OK in 7488ms (Views: 7483.4ms | ActiveRecord: 0.0ms)


  Rendered shared/_page_header.html.erb (0.3ms)
Completed 200 OK in 13140ms (Views: 13115.6ms | ActiveRecord: 0.0ms)


Started GET "/" for 127.0.0.1 at 2017-04-11 15:37:31 -0500
Processing by StaticPagesController#Home as HTML
  Rendering static_pages/Home.html.erb within layouts/application
  Rendered snippets/_problems.html.erb (7.2ms)
  Rendered snippets/_tournaments.html.erb (0.2ms)
  Rendered snippets/_top_users.html.erb (0.4ms)
  Rendered snippets/_meta.html.erb (0.3ms)
  Rendered static_pages/Home.html.erb within layouts/application (16.6ms)
  Rendered shared/_page_header.html.erb (0.3ms)
Completed 200 OK in 111ms (Views: 109.7ms | ActiveRecord: 0.0ms)


Started GET "/problems" for 127.0.0.1 at 2017-04-11 15:37:34 -0500
Processing by ProblemsController#index as HTML
  Rendering problems/index.html.erb within layouts/application
  Rendered problems/index.html.erb within layouts/application (0.4ms)
  Rendered shared/_page_header.html.erb (0.3ms)
Completed 200 OK in 118ms (Views: 116.1ms | ActiveRecord: 0.0ms)


Started GET "/tournaments" for 127.0.0.1 at 2017-04-11 15:37:36 -0500
Processing by TournamentsController#index as HTML
  Rendering tournaments/index.html.erb within layouts/application
  [1m[36mTournament Load (0.5ms)[0m  [1m[34mSELECT "tournaments".* FROM "tournaments"[0m
  Rendered tournaments/index.html.erb within layouts/application (5.4ms)
  Rendered shared/_page_header.html.erb (0.3ms)
Completed 200 OK in 141ms (Views: 112.7ms | ActiveRecord: 1.2ms)


Started GET "/auth/login" for 127.0.0.1 at 2017-04-11 15:37:37 -0500
Processing by StaticPagesController#login as HTML
  Rendering static_pages/login.html.erb within layouts/application
  Rendered static_pages/login.html.erb within layouts/application (36.4ms)
  Rendered shared/_page_header.html.erb (0.4ms)
Completed 200 OK in 145ms (Views: 144.6ms | ActiveRecord: 0.0ms)


Started GET "/images/oauth/btn_google_dark.svg" for 127.0.0.1 at 2017-04-11 15:37:38 -0500
  
ActionController::RoutingError (No route matches [GET] "/images/oauth/btn_google_dark.svg"):
  
actionpack (5.0.2) lib/action_dispatch/middleware/debug_exceptions.rb:53:in `call'
web-console (3.4.0) lib/web_console/middleware.rb:135:in `call_app'
web-console (3.4.0) lib/web_console/middleware.rb:28:in `block in call'
web-console (3.4.0) lib/web_console/middleware.rb:18:in `catch'
web-console (3.4.0) lib/web_console/middleware.rb:18:in `call'
actionpack (5.0.2) lib/action_dispatch/middleware/show_exceptions.rb:31:in `call'
railties (5.0.2) lib/rails/rack/logger.rb:36:in `call_app'
railties (5.0.2) lib/rails/rack/logger.rb:24:in `block in call'
activesupport (5.0.2) lib/active_support/tagged_logging.rb:69:in `block in tagged'
activesupport (5.0.2) lib/active_support/tagged_logging.rb:26:in `tagged'
activesupport (5.0.2) lib/active_support/tagged_logging.rb:69:in `tagged'
railties (5.0.2) lib/rails/rack/logger.rb:24:in `call'
sprockets-rails (3.2.0) lib/sprockets/rails/quiet_assets.rb:13:in `call'
actionpack (5.0.2) lib/action_dispatch/middleware/request_id.rb:24:in `call'
rack (2.0.1) lib/rack/method_override.rb:22:in `call'
rack (2.0.1) lib/rack/runtime.rb:22:in `call'
activesupport (5.0.2) lib/active_support/cache/strategy/local_cache_middleware.rb:28:in `call'
actionpack (5.0.2) lib/action_dispatch/middleware/executor.rb:12:in `call'
actionpack (5.0.2) lib/action_dispatch/middleware/static.rb:136:in `call'
rack (2.0.1) lib/rack/sendfile.rb:111:in `call'
railties (5.0.2) lib/rails/engine.rb:522:in `call'
puma (3.7.1) lib/puma/configuration.rb:232:in `call'
puma (3.7.1) lib/puma/server.rb:578:in `handle_request'
puma (3.7.1) lib/puma/server.rb:415:in `process_client'
puma (3.7.1) lib/puma/server.rb:275:in `block in run'
puma (3.7.1) lib/puma/thread_pool.rb:120:in `block in spawn_thread'
Started GET "/images/oauth/GitHub-Mark-120px-dark.png" for 127.0.0.1 at 2017-04-11 15:37:38 -0500
  
ActionController::RoutingError (No route matches [GET] "/images/oauth/GitHub-Mark-120px-dark.png"):
  
actionpack (5.0.2) lib/action_dispatch/middleware/debug_exceptions.rb:53:in `call'
web-console (3.4.0) lib/web_console/middleware.rb:135:in `call_app'
web-console (3.4.0) lib/web_console/middleware.rb:28:in `block in call'
web-console (3.4.0) lib/web_console/middleware.rb:18:in `catch'
web-console (3.4.0) lib/web_console/middleware.rb:18:in `call'
actionpack (5.0.2) lib/action_dispatch/middleware/show_exceptions.rb:31:in `call'
railties (5.0.2) lib/rails/rack/logger.rb:36:in `call_app'
railties (5.0.2) lib/rails/rack/logger.rb:24:in `block in call'
activesupport (5.0.2) lib/active_support/tagged_logging.rb:69:in `block in tagged'
activesupport (5.0.2) lib/active_support/tagged_logging.rb:26:in `tagged'
activesupport (5.0.2) lib/active_support/tagged_logging.rb:69:in `tagged'
railties (5.0.2) lib/rails/rack/logger.rb:24:in `call'
sprockets-rails (3.2.0) lib/sprockets/rails/quiet_assets.rb:13:in `call'
actionpack (5.0.2) lib/action_dispatch/middleware/request_id.rb:24:in `call'
rack (2.0.1) lib/rack/method_override.rb:22:in `call'
rack (2.0.1) lib/rack/runtime.rb:22:in `call'
activesupport (5.0.2) lib/active_support/cache/strategy/local_cache_middleware.rb:28:in `call'
actionpack (5.0.2) lib/action_dispatch/middleware/executor.rb:12:in `call'
actionpack (5.0.2) lib/action_dispatch/middleware/static.rb:136:in `call'
rack (2.0.1) lib/rack/sendfile.rb:111:in `call'
railties (5.0.2) lib/rails/engine.rb:522:in `call'
puma (3.7.1) lib/puma/configuration.rb:232:in `call'
puma (3.7.1) lib/puma/server.rb:578:in `handle_request'
puma (3.7.1) lib/puma/server.rb:415:in `process_client'
puma (3.7.1) lib/puma/server.rb:275:in `block in run'
puma (3.7.1) lib/puma/thread_pool.rb:120:in `block in spawn_thread'
  Rendering /home/shwam/.rvm/gems/ruby-2.3.3/gems/actionpack-5.0.2/lib/action_dispatch/middleware/templates/rescues/routing_error.html.erb within rescues/layout
  Rendering /home/shwam/.rvm/gems/ruby-2.3.3/gems/actionpack-5.0.2/lib/action_dispatch/middleware/templates/rescues/_trace.html.erb
  Rendered /home/shwam/.rvm/gems/ruby-2.3.3/gems/actionpack-5.0.2/lib/action_dispatch/middleware/templates/rescues/_trace.html.erb (1.0ms)
  Rendering /home/shwam/.rvm/gems/ruby-2.3.3/gems/actionpack-5.0.2/lib/action_dispatch/middleware/templates/rescues/routing_error.html.erb within rescues/layout
  Rendering /home/shwam/.rvm/gems/ruby-2.3.3/gems/actionpack-5.0.2/lib/action_dispatch/middleware/templates/rescues/_trace.html.erb
  Rendered /home/shwam/.rvm/gems/ruby-2.3.3/gems/actionpack-5.0.2/lib/action_dispatch/middleware/templates/rescues/_trace.html.erb (1.1ms)
  Rendered collection of /home/shwam/.rvm/gems/ruby-2.3.3/gems/actionpack-5.0.2/lib/action_dispatch/middleware/templates/routes/_route.html.erb [114 times] (87.4ms)
  Rendered /home/shwam/.rvm/gems/ruby-2.3.3/gems/actionpack-5.0.2/lib/action_dispatch/middleware/templates/routes/_table.html.erb (1.1ms)
  Rendered collection of /home/shwam/.rvm/gems/ruby-2.3.3/gems/actionpack-5.0.2/lib/action_dispatch/middleware/templates/routes/_route.html.erb [114 times] (90.5ms)
  Rendering /home/shwam/.rvm/gems/ruby-2.3.3/gems/actionpack-5.0.2/lib/action_dispatch/middleware/templates/rescues/_request_and_response.html.erb
  Rendered /home/shwam/.rvm/gems/ruby-2.3.3/gems/actionpack-5.0.2/lib/action_dispatch/middleware/templates/rescues/_request_and_response.html.erb (1.1ms)
  Rendered /home/shwam/.rvm/gems/ruby-2.3.3/gems/actionpack-5.0.2/lib/action_dispatch/middleware/templates/rescues/routing_error.html.erb within rescues/layout (314.6ms)
  Rendered /home/shwam/.rvm/gems/ruby-2.3.3/gems/actionpack-5.0.2/lib/action_dispatch/middleware/templates/routes/_table.html.erb (3.1ms)
  Rendering /home/shwam/.rvm/gems/ruby-2.3.3/gems/actionpack-5.0.2/lib/action_dispatch/middleware/templates/rescues/_request_and_response.html.erb
  Rendered /home/shwam/.rvm/gems/ruby-2.3.3/gems/actionpack-5.0.2/lib/action_dispatch/middleware/templates/rescues/_request_and_response.html.erb (1.1ms)
  Rendered /home/shwam/.rvm/gems/ruby-2.3.3/gems/actionpack-5.0.2/lib/action_dispatch/middleware/templates/rescues/routing_error.html.erb within rescues/layout (300.9ms)
Started GET "/images/oauth/btn_google_dark.svg" for 127.0.0.1 at 2017-04-11 15:37:45 -0500
  
ActionController::RoutingError (No route matches [GET] "/images/oauth/btn_google_dark.svg"):
  
actionpack (5.0.2) lib/action_dispatch/middleware/debug_exceptions.rb:53:in `call'
web-console (3.4.0) lib/web_console/middleware.rb:135:in `call_app'
web-console (3.4.0) lib/web_console/middleware.rb:28:in `block in call'
web-console (3.4.0) lib/web_console/middleware.rb:18:in `catch'
web-console (3.4.0) lib/web_console/middleware.rb:18:in `call'
actionpack (5.0.2) lib/action_dispatch/middleware/show_exceptions.rb:31:in `call'
railties (5.0.2) lib/rails/rack/logger.rb:36:in `call_app'
railties (5.0.2) lib/rails/rack/logger.rb:24:in `block in call'
activesupport (5.0.2) lib/active_support/tagged_logging.rb:69:in `block in tagged'
activesupport (5.0.2) lib/active_support/tagged_logging.rb:26:in `tagged'
activesupport (5.0.2) lib/active_support/tagged_logging.rb:69:in `tagged'
railties (5.0.2) lib/rails/rack/logger.rb:24:in `call'
sprockets-rails (3.2.0) lib/sprockets/rails/quiet_assets.rb:13:in `call'
actionpack (5.0.2) lib/action_dispatch/middleware/request_id.rb:24:in `call'
rack (2.0.1) lib/rack/method_override.rb:22:in `call'
rack (2.0.1) lib/rack/runtime.rb:22:in `call'
activesupport (5.0.2) lib/active_support/cache/strategy/local_cache_middleware.rb:28:in `call'
actionpack (5.0.2) lib/action_dispatch/middleware/executor.rb:12:in `call'
actionpack (5.0.2) lib/action_dispatch/middleware/static.rb:136:in `call'
rack (2.0.1) lib/rack/sendfile.rb:111:in `call'
railties (5.0.2) lib/rails/engine.rb:522:in `call'
puma (3.7.1) lib/puma/configuration.rb:232:in `call'
puma (3.7.1) lib/puma/server.rb:578:in `handle_request'
puma (3.7.1) lib/puma/server.rb:415:in `process_client'
puma (3.7.1) lib/puma/server.rb:275:in `block in run'
puma (3.7.1) lib/puma/thread_pool.rb:120:in `block in spawn_thread'
Started GET "/images/oauth/GitHub-Mark-120px-dark.png" for 127.0.0.1 at 2017-04-11 15:37:45 -0500
  
ActionController::RoutingError (No route matches [GET] "/images/oauth/GitHub-Mark-120px-dark.png"):
  
actionpack (5.0.2) lib/action_dispatch/middleware/debug_exceptions.rb:53:in `call'
web-console (3.4.0) lib/web_console/middleware.rb:135:in `call_app'
web-console (3.4.0) lib/web_console/middleware.rb:28:in `block in call'
web-console (3.4.0) lib/web_console/middleware.rb:18:in `catch'
web-console (3.4.0) lib/web_console/middleware.rb:18:in `call'
actionpack (5.0.2) lib/action_dispatch/middleware/show_exceptions.rb:31:in `call'
railties (5.0.2) lib/rails/rack/logger.rb:36:in `call_app'
railties (5.0.2) lib/rails/rack/logger.rb:24:in `block in call'
activesupport (5.0.2) lib/active_support/tagged_logging.rb:69:in `block in tagged'
activesupport (5.0.2) lib/active_support/tagged_logging.rb:26:in `tagged'
activesupport (5.0.2) lib/active_support/tagged_logging.rb:69:in `tagged'
railties (5.0.2) lib/rails/rack/logger.rb:24:in `call'
sprockets-rails (3.2.0) lib/sprockets/rails/quiet_assets.rb:13:in `call'
actionpack (5.0.2) lib/action_dispatch/middleware/request_id.rb:24:in `call'
rack (2.0.1) lib/rack/method_override.rb:22:in `call'
rack (2.0.1) lib/rack/runtime.rb:22:in `call'
activesupport (5.0.2) lib/active_support/cache/strategy/local_cache_middleware.rb:28:in `call'
actionpack (5.0.2) lib/action_dispatch/middleware/executor.rb:12:in `call'
actionpack (5.0.2) lib/action_dispatch/middleware/static.rb:136:in `call'
rack (2.0.1) lib/rack/sendfile.rb:111:in `call'
railties (5.0.2) lib/rails/engine.rb:522:in `call'
puma (3.7.1) lib/puma/configuration.rb:232:in `call'
puma (3.7.1) lib/puma/server.rb:578:in `handle_request'
puma (3.7.1) lib/puma/server.rb:415:in `process_client'
puma (3.7.1) lib/puma/server.rb:275:in `block in run'
puma (3.7.1) lib/puma/thread_pool.rb:120:in `block in spawn_thread'
  Rendering /home/shwam/.rvm/gems/ruby-2.3.3/gems/actionpack-5.0.2/lib/action_dispatch/middleware/templates/rescues/routing_error.html.erb within rescues/layout
  Rendering /home/shwam/.rvm/gems/ruby-2.3.3/gems/actionpack-5.0.2/lib/action_dispatch/middleware/templates/rescues/routing_error.html.erb within rescues/layout
  Rendering /home/shwam/.rvm/gems/ruby-2.3.3/gems/actionpack-5.0.2/lib/action_dispatch/middleware/templates/rescues/_trace.html.erb
  Rendered /home/shwam/.rvm/gems/ruby-2.3.3/gems/actionpack-5.0.2/lib/action_dispatch/middleware/templates/rescues/_trace.html.erb (1.1ms)
  Rendering /home/shwam/.rvm/gems/ruby-2.3.3/gems/actionpack-5.0.2/lib/action_dispatch/middleware/templates/rescues/_trace.html.erb
  Rendered /home/shwam/.rvm/gems/ruby-2.3.3/gems/actionpack-5.0.2/lib/action_dispatch/middleware/templates/rescues/_trace.html.erb (1.9ms)
Started GET "/" for 127.0.0.1 at 2017-04-11 15:37:45 -0500
Processing by StaticPagesController#Home as HTML
  Rendered collection of /home/shwam/.rvm/gems/ruby-2.3.3/gems/actionpack-5.0.2/lib/action_dispatch/middleware/templates/routes/_route.html.erb [114 times] (158.2ms)
  Rendered collection of /home/shwam/.rvm/gems/ruby-2.3.3/gems/actionpack-5.0.2/lib/action_dispatch/middleware/templates/routes/_route.html.erb [114 times] (146.8ms)
  Rendering static_pages/Home.html.erb within layouts/application
  Rendered /home/shwam/.rvm/gems/ruby-2.3.3/gems/actionpack-5.0.2/lib/action_dispatch/middleware/templates/routes/_table.html.erb (1.0ms)
  Rendered snippets/_problems.html.erb (0.2ms)
  Rendered snippets/_tournaments.html.erb (0.4ms)
  Rendered snippets/_top_users.html.erb (0.2ms)
  Rendered snippets/_meta.html.erb (0.2ms)
  Rendered static_pages/Home.html.erb within layouts/application (28.7ms)
  Rendering /home/shwam/.rvm/gems/ruby-2.3.3/gems/actionpack-5.0.2/lib/action_dispatch/middleware/templates/rescues/_request_and_response.html.erb
  Rendered /home/shwam/.rvm/gems/ruby-2.3.3/gems/actionpack-5.0.2/lib/action_dispatch/middleware/templates/routes/_table.html.erb (5.0ms)
  Rendered /home/shwam/.rvm/gems/ruby-2.3.3/gems/actionpack-5.0.2/lib/action_dispatch/middleware/templates/rescues/_request_and_response.html.erb (1.8ms)
  Rendered /home/shwam/.rvm/gems/ruby-2.3.3/gems/actionpack-5.0.2/lib/action_dispatch/middleware/templates/rescues/routing_error.html.erb within rescues/layout (350.3ms)
  Rendering /home/shwam/.rvm/gems/ruby-2.3.3/gems/actionpack-5.0.2/lib/action_dispatch/middleware/templates/rescues/_request_and_response.html.erb
  Rendered /home/shwam/.rvm/gems/ruby-2.3.3/gems/actionpack-5.0.2/lib/action_dispatch/middleware/templates/rescues/_request_and_response.html.erb (3.9ms)
  Rendered /home/shwam/.rvm/gems/ruby-2.3.3/gems/actionpack-5.0.2/lib/action_dispatch/middleware/templates/rescues/routing_error.html.erb within rescues/layout (380.1ms)
  Rendered shared/_page_header.html.erb (0.2ms)
Completed 200 OK in 370ms (Views: 368.3ms | ActiveRecord: 0.0ms)


Started GET "/problems" for 127.0.0.1 at 2017-04-11 15:37:47 -0500
Processing by ProblemsController#index as HTML
  Rendering problems/index.html.erb within layouts/application
  Rendered problems/index.html.erb within layouts/application (0.4ms)
  Rendered shared/_page_header.html.erb (0.3ms)
Completed 200 OK in 142ms (Views: 139.7ms | ActiveRecord: 0.0ms)


Started GET "/tournaments" for 127.0.0.1 at 2017-04-11 15:37:49 -0500
Processing by TournamentsController#index as HTML
  Rendering tournaments/index.html.erb within layouts/application
  [1m[36mTournament Load (2.5ms)[0m  [1m[34mSELECT "tournaments".* FROM "tournaments"[0m
  Rendered tournaments/index.html.erb within layouts/application (3.9ms)
  Rendered shared/_page_header.html.erb (0.4ms)
Completed 200 OK in 116ms (Views: 112.2ms | ActiveRecord: 2.5ms)


Started GET "/users" for 127.0.0.1 at 2017-04-11 15:37:50 -0500
Processing by UsersController#index as HTML
  Rendering users/index.html.erb within layouts/application
  [1m[36mUser Load (0.5ms)[0m  [1m[34mSELECT "users".* FROM "users"[0m
  Rendered users/index.html.erb within layouts/application (57.1ms)
  Rendered shared/_page_header.html.erb (0.3ms)
Completed 200 OK in 197ms (Views: 188.3ms | ActiveRecord: 2.8ms)


Started GET "/users/auth" for 127.0.0.1 at 2017-04-11 15:37:59 -0500
Processing by UsersController#show as HTML
  Parameters: {"id"=>"auth"}
  [1m[36mUser Load (0.5ms)[0m  [1m[34mSELECT  "users".* FROM "users" WHERE "users"."user_id" = $1 LIMIT $2[0m  [["user_id", 0], ["LIMIT", 1]]
Completed 404 Not Found in 15ms (ActiveRecord: 1.6ms)


  
ActiveRecord::RecordNotFound (Couldn't find User with 'user_id'=auth):
  
app/controllers/users_controller.rb:67:in `set_user'
  Rendering /home/shwam/.rvm/gems/ruby-2.3.3/gems/actionpack-5.0.2/lib/action_dispatch/middleware/templates/rescues/diagnostics.html.erb within rescues/layout
  Rendering /home/shwam/.rvm/gems/ruby-2.3.3/gems/actionpack-5.0.2/lib/action_dispatch/middleware/templates/rescues/_source.html.erb
  Rendered /home/shwam/.rvm/gems/ruby-2.3.3/gems/actionpack-5.0.2/lib/action_dispatch/middleware/templates/rescues/_source.html.erb (10.3ms)
  Rendering /home/shwam/.rvm/gems/ruby-2.3.3/gems/actionpack-5.0.2/lib/action_dispatch/middleware/templates/rescues/_trace.html.erb
  Rendered /home/shwam/.rvm/gems/ruby-2.3.3/gems/actionpack-5.0.2/lib/action_dispatch/middleware/templates/rescues/_trace.html.erb (4.4ms)
  Rendering /home/shwam/.rvm/gems/ruby-2.3.3/gems/actionpack-5.0.2/lib/action_dispatch/middleware/templates/rescues/_request_and_response.html.erb
  Rendered /home/shwam/.rvm/gems/ruby-2.3.3/gems/actionpack-5.0.2/lib/action_dispatch/middleware/templates/rescues/_request_and_response.html.erb (1.0ms)
  Rendered /home/shwam/.rvm/gems/ruby-2.3.3/gems/actionpack-5.0.2/lib/action_dispatch/middleware/templates/rescues/diagnostics.html.erb within rescues/layout (60.6ms)
Started GET "/users/auth/google_oauth2" for 127.0.0.1 at 2017-04-11 15:38:05 -0500
Started GET "/users/auth/google_oauth2/callback?state=47b10e25d90c3850a6f87ea5d283c1afc579f544a07aba1e&code=4/J3sBubwPptqwQZh5DDpMFVGR6-qbx-5ZHlL-xk106yI" for 127.0.0.1 at 2017-04-11 15:38:06 -0500
Processing by Users::OmniauthCallbacksController#google_oauth2 as HTML
  Parameters: {"state"=>"47b10e25d90c3850a6f87ea5d283c1afc579f544a07aba1e", "code"=>"4/J3sBubwPptqwQZh5DDpMFVGR6-qbx-5ZHlL-xk106yI"}
  [1m[36mUser Load (1.3ms)[0m  [1m[34mSELECT  "users".* FROM "users" WHERE "users"."email" = $1 ORDER BY "users"."user_id" ASC LIMIT $2[0m  [["email", "wsmkd6@mst.edu"], ["LIMIT", 1]]
  [1m[36mUser Load (7.3ms)[0m  [1m[34mSELECT  "users".* FROM "users" WHERE "users"."user_id" = $1 ORDER BY "users"."user_id" ASC LIMIT $2[0m  [["user_id", 1], ["LIMIT", 1]]
Redirected to http://localhost:3000/
Completed 302 Found in 16ms (ActiveRecord: 8.6ms)


Started GET "/" for 127.0.0.1 at 2017-04-11 15:38:06 -0500
Processing by StaticPagesController#Home as HTML
  Rendering static_pages/Home.html.erb within layouts/application
  Rendered snippets/_problems.html.erb (0.2ms)
  Rendered snippets/_tournaments.html.erb (0.4ms)
  Rendered snippets/_top_users.html.erb (2.0ms)
  Rendered snippets/_meta.html.erb (0.3ms)
  Rendered static_pages/Home.html.erb within layouts/application (9.8ms)
  Rendered shared/_page_header.html.erb (0.3ms)
Completed 200 OK in 135ms (Views: 132.3ms | ActiveRecord: 0.0ms)


Started GET "/users" for 127.0.0.1 at 2017-04-11 15:38:10 -0500
Processing by UsersController#index as HTML
  Rendering users/index.html.erb within layouts/application
  [1m[36mUser Load (1.7ms)[0m  [1m[34mSELECT "users".* FROM "users"[0m
  Rendered users/index.html.erb within layouts/application (11.2ms)
  Rendered shared/_page_header.html.erb (0.3ms)
Completed 200 OK in 175ms (Views: 172.7ms | ActiveRecord: 1.7ms)


